<?xml version="1.0" encoding="UTF-8"?>
<testng-results skipped="0" failed="0" total="2" passed="2">
  <reporter-output>
  </reporter-output>
  <suite name="Suite" duration-ms="129721" started-at="2019-03-01T05:36:25Z" finished-at="2019-03-01T05:38:35Z">
    <groups>
      <group name="cucumber">
        <method signature="AbstractTestNGCucumberTests.feature(cucumber.api.testng.CucumberFeatureWrapper)[pri:0, instance:cucumberoptions.TestRunner@54a097cc]" name="feature" class="cucumber.api.testng.AbstractTestNGCucumberTests"/>
      </group> <!-- cucumber -->
    </groups>
    <test name="Test" duration-ms="129721" started-at="2019-03-01T05:36:25Z" finished-at="2019-03-01T05:38:35Z">
      <class name="cucumberoptions.TestRunner">
        <test-method status="PASS" signature="setUpClass()[pri:0, instance:cucumberoptions.TestRunner@54a097cc]" name="setUpClass" is-config="true" duration-ms="269" started-at="2019-02-28T21:36:25Z" finished-at="2019-02-28T21:36:26Z">
          <reporter-output>
          </reporter-output>
        </test-method> <!-- setUpClass -->
        <test-method status="PASS" signature="feature(cucumber.api.testng.CucumberFeatureWrapper)[pri:0, instance:cucumberoptions.TestRunner@54a097cc]" name="feature" duration-ms="79028" started-at="2019-02-28T21:36:26Z" description="Runs Cucumber Feature" data-provider="features" finished-at="2019-02-28T21:37:45Z">
          <params>
            <param index="0">
              <value>
                <![CDATA[Checking my car value]]>
              </value>
            </param>
          </params>
          <reporter-output>
          </reporter-output>
        </test-method> <!-- feature -->
        <test-method status="PASS" signature="feature(cucumber.api.testng.CucumberFeatureWrapper)[pri:0, instance:cucumberoptions.TestRunner@54a097cc]" name="feature" duration-ms="50306" started-at="2019-02-28T21:37:45Z" description="Runs Cucumber Feature" data-provider="features" finished-at="2019-02-28T21:38:35Z">
          <params>
            <param index="0">
              <value>
                <![CDATA[Login Application]]>
              </value>
            </param>
          </params>
          <reporter-output>
          </reporter-output>
        </test-method> <!-- feature -->
        <test-method status="PASS" signature="tearDownClass()[pri:0, instance:cucumberoptions.TestRunner@54a097cc]" name="tearDownClass" is-config="true" duration-ms="6" started-at="2019-02-28T21:38:35Z" finished-at="2019-02-28T21:38:35Z">
          <reporter-output>
          </reporter-output>
        </test-method> <!-- tearDownClass -->
      </class> <!-- cucumberoptions.TestRunner -->
    </test> <!-- Test -->
  </suite> <!-- Suite -->
</testng-results>
